{'opt': 'adam', 'recout': 0, 'truncate': -1, 'feat': 'basic_seg', 'activation': ['bi-relu'], 'drates': [0, 0], 'sample': False, 'epoch': 1, 'bias': [1], 'lr': 0.005, 'fepoch': 300, 'hidden': [100], 'data': '', 'norm': 7.0}
['c= ', 'c=!', 'c="', 'c=$', 'c=%', 'c=&', "c='", 'c=(', 'c=)', 'c=*', 'c=+', 'c=,', 'c=-', 'c=.', 'c=/', 'c=0', 'c=1', 'c=2', 'c=3', 'c=4', 'c=5', 'c=6', 'c=7', 'c=8', 'c=9', 'c=:', 'c=;', 'c==', 'c=?', 'c=@', 'c=A', 'c=B', 'c=C', 'c=D', 'c=E', 'c=F', 'c=G', 'c=H', 'c=I', 'c=J', 'c=K', 'c=L', 'c=M', 'c=N', 'c=O', 'c=P', 'c=Q', 'c=R', 'c=S', 'c=T', 'c=U', 'c=V', 'c=W', 'c=X', 'c=Y', 'c=Z', 'c=[', 'c=]', 'c=`', 'c=a', 'c=b', 'c=c', 'c=d', 'c=e', 'c=f', 'c=g', 'c=h', 'c=i', 'c=j', 'c=k', 'c=l', 'c=m', 'c=n', 'c=o', 'c=p', 'c=q', 'c=r', 'c=s', 'c=t', 'c=u', 'c=v', 'c=w', 'c=x', 'c=y', 'c=z', 'isspace', 'wend', 'wstart']
['b-LOC' 'b-MISC' 'b-ORG' 'b-PER' 'i-LOC' 'i-MISC' 'i-ORG' 'i-PER' 'l-LOC'
 'l-MISC' 'l-ORG' 'l-PER' 'o' 'u-MISC' 'u-ORG']
# of sents:  [14041, 3250, 3453]
# of feats:  88
# of lbls:  15
(1079622, 88) (272309, 88)
(1079622,) (272309,)
14041 3250
...building the model
DRATES!!!!!!!!!!!!!!!!!!!!! [0, 0]
...training the model
Epoch: 1 Loss: 290387974.739331 Error: 0.191097 Time: 125.274476 seconds
Dev Err: 0.167145 Time: 8.054510 seconds
bos	b-LOC	b-MISC	b-ORG	b-PER	i-LOC	i-MISC	i-ORG	i-PER	l-LOC	l-MISC	l-ORG	l-PER	o	u-MISC	u-ORG
b-LOC	502	0	0	81	0	0	0	5	0	0	0	0	1244	0	0
b-MISC	5	0	8	19	0	0	0	8	0	0	0	0	876	0	0
b-ORG	183	0	6	118	1	0	0	3	0	0	0	0	1014	0	0
b-PER	30	0	0	359	0	0	0	26	0	0	0	0	1414	0	0
i-LOC	3	0	0	5	3023	0	177	2730	2	0	0	0	3930	0	0
i-MISC	0	0	0	4	275	0	210	2307	0	0	0	0	3911	0	0
i-ORG	9	0	0	8	1415	0	390	3568	2	0	0	44	5689	0	0
i-PER	7	0	0	50	920	0	70	9410	0	0	0	16	6113	0	0
l-LOC	0	0	0	0	290	0	0	434	35	0	0	0	1073	0	0
l-MISC	0	0	0	0	7	0	0	226	0	0	0	0	683	0	0
l-ORG	0	0	0	0	33	0	11	166	7	0	8	27	1073	0	0
l-PER	0	0	0	0	23	0	0	508	2	0	0	99	1197	0	0
o	31	0	0	75	607	0	79	2463	0	0	0	0	212962	0	0
u-MISC	0	0	0	0	0	0	0	0	0	0	0	0	0	0	0
u-ORG	0	0	0	0	0	0	0	0	0	0	0	0	0	0	0
bos	B-LOC	B-MISC	B-ORG	B-PER	I-LOC	I-MISC	I-ORG	I-PER	L-LOC	L-MISC	L-ORG	L-PER	O	U-LOC	U-MISC	U-ORG	U-PER
B-LOC	43	0	0	6	7	0	0	36	0	0	0	0	147	0	0	0	0
B-MISC	0	0	6	2	14	0	10	58	0	0	0	0	189	0	0	0	0
B-ORG	27	0	2	36	49	0	0	107	0	0	0	0	220	0	0	0	4
B-PER	16	0	0	312	78	0	0	381	0	0	0	0	438	0	0	0	0
I-LOC	0	0	0	2	1	0	0	7	0	0	0	0	16	0	0	0	0
I-MISC	0	0	0	2	1	0	0	36	0	0	0	0	76	0	0	0	0
I-ORG	3	0	0	2	11	0	0	89	0	0	0	0	194	0	0	0	0
I-PER	0	0	0	0	2	0	0	26	0	0	0	0	45	0	0	0	0
L-LOC	3	0	0	3	44	0	4	77	1	0	0	0	107	0	0	0	0
L-MISC	0	0	0	1	6	0	16	67	0	0	0	0	189	0	0	0	0
L-ORG	1	0	0	3	46	0	13	100	1	0	0	6	273	2	0	0	0
L-PER	5	0	0	42	30	0	0	677	0	0	0	95	374	1	0	0	1
O	12	0	0	45	65	0	16	335	0	0	0	0	42286	0	0	0	0
U-LOC	262	0	0	67	257	0	25	338	2	0	0	0	610	32	0	0	0
U-MISC	4	0	0	16	17	0	2	225	0	0	0	0	373	0	0	0	0
U-ORG	4	0	0	27	124	0	56	193	0	0	0	0	451	23	0	1	1
U-PER	3	0	0	28	38	0	8	192	0	0	0	0	335	0	0	0	0
f1:  (83.3281414275145, 11.80952380952381, 2.1009827177228058, 3.567318757192175)
...training the model
Epoch: 1 Loss: 3.783012 Error: 0.127302 Time: 132.768615 seconds
Dev Err: 0.128586 Time: 8.102533 seconds
bos	b-LOC	b-MISC	b-ORG	b-PER	i-LOC	i-MISC	i-ORG	i-PER	l-LOC	l-MISC	l-ORG	l-PER	o	u-MISC	u-ORG
b-LOC	1111	20	23	390	0	0	1	15	0	0	0	0	272	0	0
b-MISC	303	33	16	293	0	0	1	20	0	0	0	0	250	0	0
b-ORG	355	10	163	481	0	0	2	8	0	0	0	0	306	0	0
b-PER	282	6	24	1118	0	0	2	101	0	0	0	0	296	0	0
i-LOC	16	0	5	1	5121	181	214	3264	44	0	2	18	1004	0	0
i-MISC	25	0	0	10	1361	429	226	3235	75	4	0	72	1270	0	0
i-ORG	66	0	3	33	1488	194	1374	5679	125	4	9	180	1970	0	0
i-PER	24	0	2	41	1063	76	165	13888	57	1	0	98	1171	0	0
l-LOC	0	0	0	0	9	0	0	147	1028	3	11	477	157	0	0
l-MISC	0	0	0	0	15	2	0	123	249	9	13	357	148	0	0
l-ORG	0	0	0	0	48	3	4	95	196	2	193	614	170	0	0
l-PER	0	0	0	0	5	1	1	136	142	1	12	1418	113	0	0
o	193	7	22	168	1056	139	236	2422	188	4	36	337	211409	0	0
u-MISC	0	0	0	0	0	0	0	0	0	0	0	0	0	0	0
u-ORG	0	0	0	0	0	0	0	0	0	0	0	0	0	0	0
bos	B-LOC	B-MISC	B-ORG	B-PER	I-LOC	I-MISC	I-ORG	I-PER	L-LOC	L-MISC	L-ORG	L-PER	O	U-LOC	U-MISC	U-ORG	U-PER
B-LOC	85	0	3	31	7	1	3	19	0	0	0	1	39	42	0	0	8
B-MISC	25	8	4	55	7	9	2	32	0	0	0	4	57	49	5	4	18
B-ORG	41	0	23	115	20	3	0	20	2	0	0	1	59	86	7	8	60
B-PER	117	0	3	785	2	0	3	126	0	0	0	22	56	63	0	1	47
I-LOC	0	0	0	0	0	0	1	10	0	0	0	6	7	2	0	0	0
I-MISC	0	0	0	5	1	2	4	21	11	1	0	25	41	2	0	0	2
I-ORG	13	0	1	7	4	1	14	47	15	0	0	77	98	19	0	0	3
I-PER	2	0	0	2	0	0	1	28	1	0	0	7	28	4	0	0	0
L-LOC	0	0	0	1	8	2	3	22	83	1	1	86	17	14	0	1	0
L-MISC	0	0	0	1	6	10	9	19	24	0	11	115	60	22	0	0	2
L-ORG	1	0	0	4	4	1	6	27	30	0	44	232	45	31	0	2	18
L-PER	1	0	1	5	9	1	5	51	54	0	0	1038	8	17	0	1	34
O	19	0	1	64	65	20	27	190	3	0	5	68	42055	145	2	9	86
U-LOC	33	0	0	87	54	23	10	58	0	0	0	11	113	934	3	9	258
U-MISC	30	4	1	67	19	6	3	57	2	0	0	13	81	193	10	3	148
U-ORG	48	0	3	60	16	5	13	49	5	0	1	4	147	173	0	125	231
U-PER	6	0	2	77	11	10	0	59	1	0	0	35	97	89	0	15	202
f1:  (88.46228729410849, 41.679873217115684, 35.64893256523212, 38.42922374429224)
...training the model
Epoch: 1 Loss: 6.079692 Error: 0.102242 Time: 137.021998 seconds
Dev Err: 0.109581 Time: 8.106827 seconds
bos	b-LOC	b-MISC	b-ORG	b-PER	i-LOC	i-MISC	i-ORG	i-PER	l-LOC	l-MISC	l-ORG	l-PER	o	u-MISC	u-ORG
b-LOC	1243	56	22	358	0	0	1	10	0	0	0	0	142	0	0
b-MISC	313	139	18	289	0	0	6	20	0	0	0	0	131	0	0
b-ORG	344	85	307	394	1	0	3	7	0	0	0	0	184	0	0
b-PER	213	22	29	1328	0	0	3	104	0	0	0	0	130	0	0
i-LOC	13	0	0	2	6000	305	379	2417	39	8	3	6	698	0	0
i-MISC	21	2	0	7	1365	884	605	2601	84	38	2	42	1056	0	0
i-ORG	35	2	15	13	1213	355	3425	4513	126	57	13	87	1271	0	0
i-PER	13	0	3	12	920	97	225	14589	33	5	0	40	649	0	0
l-LOC	0	0	0	0	9	0	1	94	1306	41	19	260	102	0	0
l-MISC	0	0	0	0	12	0	2	99	362	68	24	229	120	0	0
l-ORG	0	0	0	0	32	4	9	93	233	23	413	401	117	0	0
l-PER	0	0	0	0	5	1	2	146	164	11	21	1382	97	0	0
o	195	47	47	222	820	185	481	2426	156	28	52	173	211385	0	0
u-MISC	0	0	0	0	0	0	0	0	0	0	0	0	0	0	0
u-ORG	0	0	0	0	0	0	0	0	0	0	0	0	0	0	0
bos	B-LOC	B-MISC	B-ORG	B-PER	I-LOC	I-MISC	I-ORG	I-PER	L-LOC	L-MISC	L-ORG	L-PER	O	U-LOC	U-MISC	U-ORG	U-PER
B-LOC	106	3	3	41	3	1	4	6	0	0	0	0	24	37	5	2	4
B-MISC	25	23	1	59	3	7	3	1	0	0	0	4	50	52	30	7	14
B-ORG	54	14	45	100	4	3	9	7	0	1	0	1	39	85	48	5	30
B-PER	86	2	6	949	1	0	3	85	0	0	0	19	25	24	4	1	20
I-LOC	0	0	0	0	0	0	6	10	2	0	0	1	7	0	0	0	0
I-MISC	0	0	0	3	0	1	7	22	13	4	2	24	36	3	0	0	0
I-ORG	13	0	4	4	1	0	42	51	24	15	7	46	79	2	2	7	2
I-PER	1	0	0	1	0	0	1	38	0	0	0	5	22	4	0	0	1
L-LOC	0	0	0	1	1	2	7	13	114	2	5	68	12	13	0	0	1
L-MISC	0	0	0	1	0	3	7	15	39	32	20	85	56	18	0	0	3
L-ORG	1	0	0	0	1	0	11	17	31	3	109	213	30	18	0	4	7
L-PER	1	0	1	3	0	0	1	39	53	0	4	1102	5	7	0	2	7
O	16	10	3	102	42	13	48	132	5	3	15	58	42060	112	25	31	84
U-LOC	13	0	0	70	18	9	1	15	0	0	0	8	82	1079	44	17	237
U-MISC	20	4	0	59	9	3	4	27	0	1	0	17	57	208	78	10	140
U-ORG	35	3	4	68	5	1	35	32	3	1	3	4	80	165	18	249	174
U-PER	7	1	2	100	8	3	1	20	0	0	0	23	77	93	12	18	239
f1:  (90.07826798021884, 48.54578096947935, 45.81497797356828, 47.140864714086476)
...training the model
Epoch: 1 Loss: 0.290061 Error: 0.090446 Time: 137.231695 seconds
