{'opt': 'adam', 'ltype': 'recurrent', 'truncate': -1, 'activation': 'leaky_rectify', 'n_batch': 50, 'deep': 1, 'sample': False, 'lr': 0.001, 'fepoch': 300, 'grad_clip': 7.0, 'feat': 'basic_seg', 'n_hidden': [100]}
['c= ', 'c=!', 'c="', 'c=$', 'c=%', 'c=&', "c='", 'c=(', 'c=)', 'c=*', 'c=+', 'c=,', 'c=-', 'c=.', 'c=/', 'c=0', 'c=1', 'c=2', 'c=3', 'c=4', 'c=5', 'c=6', 'c=7', 'c=8', 'c=9', 'c=:', 'c=;', 'c==', 'c=?', 'c=@', 'c=A', 'c=B', 'c=C', 'c=D', 'c=E', 'c=F', 'c=G', 'c=H', 'c=I', 'c=J', 'c=K', 'c=L', 'c=M', 'c=N', 'c=O', 'c=P', 'c=Q', 'c=R', 'c=S', 'c=T', 'c=U', 'c=V', 'c=W', 'c=X', 'c=Y', 'c=Z', 'c=[', 'c=]', 'c=`', 'c=a', 'c=b', 'c=c', 'c=d', 'c=e', 'c=f', 'c=g', 'c=h', 'c=i', 'c=j', 'c=k', 'c=l', 'c=m', 'c=n', 'c=o', 'c=p', 'c=q', 'c=r', 'c=s', 'c=t', 'c=u', 'c=v', 'c=w', 'c=x', 'c=y', 'c=z', 'isspace', 'wend', 'wstart']
['b-LOC' 'b-MISC' 'b-ORG' 'b-PER' 'i-LOC' 'i-MISC' 'i-ORG' 'i-PER' 'l-LOC'
 'l-MISC' 'l-ORG' 'l-PER' 'o' 'u-MISC' 'u-ORG']
['B-LOC' 'B-MISC' 'B-ORG' 'B-PER' 'I-LOC' 'I-MISC' 'I-ORG' 'I-PER' 'L-LOC'
 'L-MISC' 'L-ORG' 'L-PER' 'O' 'U-LOC' 'U-MISC' 'U-ORG' 'U-PER']
# of sents trn, dev, tst:  14041 3250 3453
NF: 88 NC: 15
maxlen: 512 minlen: 1
l_in: (50, 512, 88)
l_mask: (Subtensor{int64}.0, 512)
l_forward: (50, 512, 100)
l_backward: (50, 512, 100)
l_sum: (50, 512, 100)
l_reshape: (25600, 100)
l_rec_out: (25600, 15)
l_out: (None, 512, 15)
(None, 512, 15)
Computing updates ...
Compiling functions ...
dset  epoch      mcost      mtime       cerr       werr       wacc        pre     recall         f1 
trn   1        19.3066   183.5348     0.2111     0.1719    82.8117     1.2605     0.0386     0.0749 
dev   1         3.5559    17.5803     0.2077     0.1717    82.8297     0.0000     0.0000     0.0000 
tst   1         3.9425    18.5443     0.2203     0.1809    81.9145     0.0000     0.0000     0.0000 

dset  epoch      mcost      mtime       cerr       werr       wacc        pre     recall         f1 
trn   2        11.1895   183.6478     0.1916     0.1743    82.5686    15.3476     5.1959     7.7635 
dev   2         2.2004    17.4657     0.1725     0.1556    84.4379    21.0672    12.9109    16.0101 
tst   2         2.5498    18.5766     0.1859     0.1665    83.3509    21.4180    12.8630    16.0730 

dset  epoch      mcost      mtime       cerr       werr       wacc        pre     recall         f1 
trn   3         9.1972   183.6303     0.1693     0.1477    85.2343    23.0147    17.5555    19.9178 
dev   3         2.0102    17.5425     0.1590     0.1443    85.5749    24.4051    14.2494    17.9932 
tst   3         2.3288    18.5205     0.1716     0.1535    84.6452    23.8256    13.8250    17.4972 

dset  epoch      mcost      mtime       cerr       werr       wacc        pre     recall         f1 
trn   4         8.3508   183.5635     0.1558     0.1309    86.9134    28.1208    23.9990    25.8969 
dev   4         1.8546    17.4741     0.1423     0.1248    87.5180    31.2631    22.6872    26.2936 
tst   4         2.1629    18.5193     0.1529     0.1329    86.7083    31.5116    22.8042    26.4599 

dset  epoch      mcost      mtime       cerr       werr       wacc        pre     recall         f1 
trn   5         7.6330   183.6756     0.1408     0.1156    88.4378    38.1287    33.0532    35.4100 
dev   5         1.6978    17.4290     0.1313     0.1092    89.0775    41.1099    32.0061    35.9912 
tst   5         2.0058    18.5727     0.1417     0.1188    88.1210    39.2972    30.4828    34.3333 

